app/build/outputs/logs/manifest-merger-debug-report.txt
-- Merging decision tree log ---
manifest
ADDED from src\main\AndroidManifest.xml:1:1-105:12
	package
		ADDED from src\main\AndroidManifest.xml:2:5-37
		INJECTED from src\main\AndroidManifest.xml
		INJECTED from src\main\AndroidManifest.xml
	android:versionName
		ADDED from src\main\AndroidManifest.xml:4:5-30
	android:versionCode
		ADDED from src\main\AndroidManifest.xml:3:5-28
		INJECTED from src\main\AndroidManifest.xml
		INJECTED from src\main\AndroidManifest.xml
	xmlns:android
		ADDED from src\main\AndroidManifest.xml:1:11-69
uses-sdk
ADDED from src\main\AndroidManifest.xml:6:5-8:41
MERGED from [com.android.support:appcompat-v7:23.0.0] AndroidManifest.xml:20:5-43
MERGED from [com.android.support:support-v4:23.0.0] AndroidManifest.xml:20:5-43
MERGED from [com.android.support:design:23.0.0] AndroidManifest.xml:20:5-43
MERGED from [com.android.support:appcompat-v7:23.0.0] AndroidManifest.xml:20:5-43
MERGED from [com.android.support:support-v4:23.0.0] AndroidManifest.xml:20:5-43
MERGED from [com.android.support:support-v4:23.0.0] AndroidManifest.xml:20:5-43
	android:targetSdkVersion
		ADDED from src\main\AndroidManifest.xml:8:9-38
		INJECTED from src\main\AndroidManifest.xml
		INJECTED from src\main\AndroidManifest.xml
	android:minSdkVersion
		ADDED from src\main\AndroidManifest.xml:7:9-34
		INJECTED from src\main\AndroidManifest.xml
		INJECTED from src\main\AndroidManifest.xml
uses-feature#android.hardware.camera
ADDED from src\main\AndroidManifest.xml:10:5-85
	android:required
		ADDED from src\main\AndroidManifest.xml:10:58-82
	android:name
		ADDED from src\main\AndroidManifest.xml:10:19-57
uses-permission#android.permission.WRITE_EXTERNAL_STORAGE
ADDED from src\main\AndroidManifest.xml:11:5-81
	android:name
		ADDED from src\main\AndroidManifest.xml:11:22-78
uses-permission#android.permission.READ_EXTERNAL_STORAGE
ADDED from src\main\AndroidManifest.xml:12:5-80
	android:name
		ADDED from src\main\AndroidManifest.xml:12:22-77
application
ADDED from src\main\AndroidManifest.xml:14:5-103:19
MERGED from [com.android.support:appcompat-v7:23.0.0] AndroidManifest.xml:22:5-20
MERGED from [com.android.support:support-v4:23.0.0] AndroidManifest.xml:22:5-20
MERGED from [com.android.support:design:23.0.0] AndroidManifest.xml:22:5-20
MERGED from [com.android.support:appcompat-v7:23.0.0] AndroidManifest.xml:22:5-20
MERGED from [com.android.support:support-v4:23.0.0] AndroidManifest.xml:22:5-20
MERGED from [com.android.support:support-v4:23.0.0] AndroidManifest.xml:22:5-20
	android:label
		ADDED from src\main\AndroidManifest.xml:17:9-41
	android:allowBackup
		ADDED from src\main\AndroidManifest.xml:15:9-35
	android:icon
		ADDED from src\main\AndroidManifest.xml:16:9-45
	android:theme
		ADDED from src\main\AndroidManifest.xml:18:9-40
activity#com.timsoft.meurebanho.MainActivity
ADDED from src\main\AndroidManifest.xml:21:9-29:20
	android:screenOrientation
		ADDED from src\main\AndroidManifest.xml:23:13-49
	android:label
		ADDED from src\main\AndroidManifest.xml:24:13-45
	android:name
		ADDED from src\main\AndroidManifest.xml:22:13-63
intent-filter#android.intent.action.MAIN+android.intent.category.LAUNCHER
ADDED from src\main\AndroidManifest.xml:25:13-28:29
action#android.intent.action.MAIN
ADDED from src\main\AndroidManifest.xml:26:17-69
	android:name
		ADDED from src\main\AndroidManifest.xml:26:25-66
category#android.intent.category.LAUNCHER
ADDED from src\main\AndroidManifest.xml:27:17-77
	android:name
		ADDED from src\main\AndroidManifest.xml:27:27-74
activity#com.timsoft.meurebanho.animal.activity.AnimalListActivity
ADDED from src\main\AndroidManifest.xml:32:9-36:20
	android:screenOrientation
		ADDED from src\main\AndroidManifest.xml:34:13-49
	android:label
		ADDED from src\main\AndroidManifest.xml:35:13-45
	android:name
		ADDED from src\main\AndroidManifest.xml:33:13-85
activity#com.timsoft.meurebanho.animal.activity.AnimalDetailActivity
ADDED from src\main\AndroidManifest.xml:38:9-46:20
	android:screenOrientation
		ADDED from src\main\AndroidManifest.xml:40:13-49
	android:label
		ADDED from src\main\AndroidManifest.xml:41:13-50
	android:parentActivityName
		ADDED from src\main\AndroidManifest.xml:42:13-99
	android:name
		ADDED from src\main\AndroidManifest.xml:39:13-87
meta-data#android.support.PARENT_ACTIVITY
ADDED from src\main\AndroidManifest.xml:43:10-45:90
	android:value
		ADDED from src\main\AndroidManifest.xml:45:14-87
	android:name
		ADDED from src\main\AndroidManifest.xml:44:14-60
activity#com.timsoft.meurebanho.animal.activity.AnimalAddActivity
ADDED from src\main\AndroidManifest.xml:48:9-57:20
	android:screenOrientation
		ADDED from src\main\AndroidManifest.xml:51:13-49
	android:label
		ADDED from src\main\AndroidManifest.xml:52:13-47
	android:parentActivityName
		ADDED from src\main\AndroidManifest.xml:53:13-99
	android:icon
		ADDED from src\main\AndroidManifest.xml:50:13-49
	android:name
		ADDED from src\main\AndroidManifest.xml:49:13-84
activity#com.timsoft.meurebanho.animal.activity.AnimalEditActivity
ADDED from src\main\AndroidManifest.xml:59:3-67:20
	android:screenOrientation
		ADDED from src\main\AndroidManifest.xml:61:13-49
	android:label
		ADDED from src\main\AndroidManifest.xml:62:13-44
	android:parentActivityName
		ADDED from src\main\AndroidManifest.xml:63:13-99
	android:name
		ADDED from src\main\AndroidManifest.xml:60:13-85
activity#com.timsoft.meurebanho.farm.activity.FarmsActivity
ADDED from src\main\AndroidManifest.xml:70:3-78:20
	android:screenOrientation
		ADDED from src\main\AndroidManifest.xml:72:13-49
	android:label
		ADDED from src\main\AndroidManifest.xml:73:13-42
	android:parentActivityName
		ADDED from src\main\AndroidManifest.xml:74:13-99
	android:name
		ADDED from src\main\AndroidManifest.xml:71:13-78
activity#com.timsoft.meurebanho.farm.activity.FarmAddActivity
ADDED from src\main\AndroidManifest.xml:79:3-87:20
	android:screenOrientation
		ADDED from src\main\AndroidManifest.xml:81:13-49
	android:label
		ADDED from src\main\AndroidManifest.xml:82:13-45
	android:parentActivityName
		ADDED from src\main\AndroidManifest.xml:83:13-92
	android:name
		ADDED from src\main\AndroidManifest.xml:80:13-80
activity#com.timsoft.meurebanho.farm.activity.FarmEditActivity
ADDED from src\main\AndroidManifest.xml:88:3-96:20
	android:screenOrientation
		ADDED from src\main\AndroidManifest.xml:90:13-49
	android:label
		ADDED from src\main\AndroidManifest.xml:91:13-46
	android:parentActivityName
		ADDED from src\main\AndroidManifest.xml:92:13-92
	android:name
		ADDED from src\main\AndroidManifest.xml:89:13-81
meta-data#DATABASE
ADDED from src\main\AndroidManifest.xml:98:3-70
	android:value
		ADDED from src\main\AndroidManifest.xml:98:38-67
	android:name
		ADDED from src\main\AndroidManifest.xml:98:14-37
meta-data#VERSION
ADDED from src\main\AndroidManifest.xml:99:3-57
	android:value
		ADDED from src\main\AndroidManifest.xml:99:37-54
	android:name
		ADDED from src\main\AndroidManifest.xml:99:14-36
meta-data#QUERY_LOG
ADDED from src\main\AndroidManifest.xml:100:3-62
	android:value
		ADDED from src\main\AndroidManifest.xml:100:39-59
	android:name
		ADDED from src\main\AndroidManifest.xml:100:14-38
meta-data#DOMAIN_PACKAGE_NAME
ADDED from src\main\AndroidManifest.xml:101:3-90
	android:value
		ADDED from src\main\AndroidManifest.xml:101:49-87
	android:name
		ADDED from src\main\AndroidManifest.xml:101:14-48